<?xml version="1.0" encoding="UTF-8"?>
<testsuite name="com.iress.toy.robot.RobotCommandTest" tests="9" skipped="0" failures="0" errors="0" timestamp="2022-07-24T13:46:54" hostname="ENCAPJMNLLT493" time="0.256">
  <properties/>
  <testcase name="testValidPlaceCommand()" classname="com.iress.toy.robot.RobotCommandTest" time="0.205"/>
  <testcase name="report()" classname="com.iress.toy.robot.RobotCommandTest" time="0.005"/>
  <testcase name="moveOutsideTable()" classname="com.iress.toy.robot.RobotCommandTest" time="0.005"/>
  <testcase name="testCommandsWithNoPlacedRobot()" classname="com.iress.toy.robot.RobotCommandTest" time="0.005"/>
  <testcase name="testInvalidPlaceCommandParameter()" classname="com.iress.toy.robot.RobotCommandTest" time="0.009"/>
  <testcase name="testInvalidPlaceCommandPosition()" classname="com.iress.toy.robot.RobotCommandTest" time="0.003"/>
  <testcase name="left()" classname="com.iress.toy.robot.RobotCommandTest" time="0.004"/>
  <testcase name="move()" classname="com.iress.toy.robot.RobotCommandTest" time="0.007"/>
  <testcase name="right()" classname="com.iress.toy.robot.RobotCommandTest" time="0.005"/>
  <system-out><![CDATA[21:46:52.897 [Test worker] DEBUG org.springframework.test.context.BootstrapUtils - Instantiating CacheAwareContextLoaderDelegate from class [org.springframework.test.context.cache.DefaultCacheAwareContextLoaderDelegate]
21:46:52.905 [Test worker] DEBUG org.springframework.test.context.BootstrapUtils - Instantiating BootstrapContext using constructor [public org.springframework.test.context.support.DefaultBootstrapContext(java.lang.Class,org.springframework.test.context.CacheAwareContextLoaderDelegate)]
21:46:52.932 [Test worker] DEBUG org.springframework.test.context.BootstrapUtils - Instantiating TestContextBootstrapper for test class [com.iress.toy.robot.RobotCommandTest] from class [org.springframework.boot.test.context.SpringBootTestContextBootstrapper]
21:46:52.940 [Test worker] INFO org.springframework.boot.test.context.SpringBootTestContextBootstrapper - Neither @ContextConfiguration nor @ContextHierarchy found for test class [com.iress.toy.robot.RobotCommandTest], using SpringBootContextLoader
21:46:52.943 [Test worker] DEBUG org.springframework.test.context.support.AbstractContextLoader - Did not detect default resource location for test class [com.iress.toy.robot.RobotCommandTest]: class path resource [com/iress/toy/robot/RobotCommandTest-context.xml] does not exist
21:46:52.943 [Test worker] DEBUG org.springframework.test.context.support.AbstractContextLoader - Did not detect default resource location for test class [com.iress.toy.robot.RobotCommandTest]: class path resource [com/iress/toy/robot/RobotCommandTestContext.groovy] does not exist
21:46:52.944 [Test worker] INFO org.springframework.test.context.support.AbstractContextLoader - Could not detect default resource locations for test class [com.iress.toy.robot.RobotCommandTest]: no resource found for suffixes {-context.xml, Context.groovy}.
21:46:52.944 [Test worker] INFO org.springframework.test.context.support.AnnotationConfigContextLoaderUtils - Could not detect default configuration classes for test class [com.iress.toy.robot.RobotCommandTest]: RobotCommandTest does not declare any static, non-private, non-final, nested classes annotated with @Configuration.
21:46:52.981 [Test worker] DEBUG org.springframework.test.context.support.ActiveProfilesUtils - Could not find an 'annotation declaring class' for annotation type [org.springframework.test.context.ActiveProfiles] and class [com.iress.toy.robot.RobotCommandTest]
21:46:53.036 [Test worker] DEBUG org.springframework.context.annotation.ClassPathScanningCandidateComponentProvider - Identified candidate component class: file [C:\SBL\CWT\GIT Repos\iress\toy-robot-v2\build\classes\java\main\com\iress\toy\robot\SpringShellApplication.class]
21:46:53.038 [Test worker] INFO org.springframework.boot.test.context.SpringBootTestContextBootstrapper - Found @SpringBootConfiguration com.iress.toy.robot.SpringShellApplication for test class com.iress.toy.robot.RobotCommandTest
21:46:53.115 [Test worker] DEBUG org.springframework.boot.test.context.SpringBootTestContextBootstrapper - @TestExecutionListeners is not present for class [com.iress.toy.robot.RobotCommandTest]: using defaults.
21:46:53.115 [Test worker] INFO org.springframework.boot.test.context.SpringBootTestContextBootstrapper - Loaded default TestExecutionListener class names from location [META-INF/spring.factories]: [org.springframework.boot.test.autoconfigure.restdocs.RestDocsTestExecutionListener, org.springframework.boot.test.autoconfigure.web.client.MockRestServiceServerResetTestExecutionListener, org.springframework.boot.test.autoconfigure.web.servlet.MockMvcPrintOnlyOnFailureTestExecutionListener, org.springframework.boot.test.autoconfigure.web.servlet.WebDriverTestExecutionListener, org.springframework.boot.test.autoconfigure.webservices.client.MockWebServiceServerTestExecutionListener, org.springframework.boot.test.mock.mockito.MockitoTestExecutionListener, org.springframework.boot.test.mock.mockito.ResetMocksTestExecutionListener, org.springframework.test.context.web.ServletTestExecutionListener, org.springframework.test.context.support.DirtiesContextBeforeModesTestExecutionListener, org.springframework.test.context.event.ApplicationEventsTestExecutionListener, org.springframework.test.context.support.DependencyInjectionTestExecutionListener, org.springframework.test.context.support.DirtiesContextTestExecutionListener, org.springframework.test.context.transaction.TransactionalTestExecutionListener, org.springframework.test.context.jdbc.SqlScriptsTestExecutionListener, org.springframework.test.context.event.EventPublishingTestExecutionListener]
21:46:53.123 [Test worker] DEBUG org.springframework.boot.test.context.SpringBootTestContextBootstrapper - Skipping candidate TestExecutionListener [org.springframework.test.context.web.ServletTestExecutionListener] due to a missing dependency. Specify custom listener classes or make the default listener classes and their required dependencies available. Offending class: [javax/servlet/ServletContext]
21:46:53.124 [Test worker] DEBUG org.springframework.boot.test.context.SpringBootTestContextBootstrapper - Skipping candidate TestExecutionListener [org.springframework.test.context.transaction.TransactionalTestExecutionListener] due to a missing dependency. Specify custom listener classes or make the default listener classes and their required dependencies available. Offending class: [org/springframework/transaction/interceptor/TransactionAttributeSource]
21:46:53.125 [Test worker] DEBUG org.springframework.boot.test.context.SpringBootTestContextBootstrapper - Skipping candidate TestExecutionListener [org.springframework.test.context.jdbc.SqlScriptsTestExecutionListener] due to a missing dependency. Specify custom listener classes or make the default listener classes and their required dependencies available. Offending class: [org/springframework/transaction/interceptor/TransactionAttribute]
21:46:53.125 [Test worker] INFO org.springframework.boot.test.context.SpringBootTestContextBootstrapper - Using TestExecutionListeners: [org.springframework.test.context.support.DirtiesContextBeforeModesTestExecutionListener@3d1c55aa, org.springframework.test.context.event.ApplicationEventsTestExecutionListener@39395a04, org.springframework.boot.test.mock.mockito.MockitoTestExecutionListener@cfb860a, org.springframework.boot.test.autoconfigure.SpringBootDependencyInjectionTestExecutionListener@5bad2ffe, org.springframework.test.context.support.DirtiesContextTestExecutionListener@4439024, org.springframework.test.context.event.EventPublishingTestExecutionListener@77d903d2, org.springframework.boot.test.autoconfigure.restdocs.RestDocsTestExecutionListener@27c210f5, org.springframework.boot.test.autoconfigure.web.client.MockRestServiceServerResetTestExecutionListener@1522092c, org.springframework.boot.test.autoconfigure.web.servlet.MockMvcPrintOnlyOnFailureTestExecutionListener@df8691c, org.springframework.boot.test.autoconfigure.web.servlet.WebDriverTestExecutionListener@32802ce2, org.springframework.boot.test.autoconfigure.webservices.client.MockWebServiceServerTestExecutionListener@572d7ff, org.springframework.boot.test.mock.mockito.ResetMocksTestExecutionListener@9cc514]
21:46:53.128 [Test worker] DEBUG org.springframework.test.context.support.AbstractDirtiesContextTestExecutionListener - Before test class: context [DefaultTestContext@3bb2d458 testClass = RobotCommandTest, testInstance = [null], testMethod = [null], testException = [null], mergedContextConfiguration = [MergedContextConfiguration@57361450 testClass = RobotCommandTest, locations = '{}', classes = '{class com.iress.toy.robot.SpringShellApplication}', contextInitializerClasses = '[]', activeProfiles = '{}', propertySourceLocations = '{}', propertySourceProperties = '{spring.shell.interactive.enabled=false, spring.shell.script.enabled=false, org.springframework.boot.test.context.SpringBootTestContextBootstrapper=true}', contextCustomizers = set[org.springframework.boot.test.autoconfigure.actuate.metrics.MetricsExportContextCustomizerFactory$DisableMetricExportContextCustomizer@292e3617, org.springframework.boot.test.autoconfigure.properties.PropertyMappingContextCustomizer@0, org.springframework.boot.test.autoconfigure.web.servlet.WebDriverContextCustomizerFactory$Customizer@73cbccff, org.springframework.boot.test.context.filter.ExcludeFilterContextCustomizer@67d0d1cc, org.springframework.boot.test.json.DuplicateJsonObjectContextCustomizerFactory$DuplicateJsonObjectContextCustomizer@1dbce0fc, org.springframework.boot.test.mock.mockito.MockitoContextCustomizer@0, org.springframework.boot.test.web.client.TestRestTemplateContextCustomizer@658b1493, org.springframework.boot.test.context.SpringBootTestArgs@1, org.springframework.boot.test.context.SpringBootTestWebEnvironment@64f46671], contextLoader = 'org.springframework.boot.test.context.SpringBootContextLoader', parent = [null]], attributes = map[[empty]]], class annotated with @DirtiesContext [false] with mode [null].
21:46:53.137 [Test worker] DEBUG org.springframework.test.context.support.DependencyInjectionTestExecutionListener - Performing dependency injection for test context [[DefaultTestContext@3bb2d458 testClass = RobotCommandTest, testInstance = com.iress.toy.robot.RobotCommandTest@685a3415, testMethod = [null], testException = [null], mergedContextConfiguration = [MergedContextConfiguration@57361450 testClass = RobotCommandTest, locations = '{}', classes = '{class com.iress.toy.robot.SpringShellApplication}', contextInitializerClasses = '[]', activeProfiles = '{}', propertySourceLocations = '{}', propertySourceProperties = '{spring.shell.interactive.enabled=false, spring.shell.script.enabled=false, org.springframework.boot.test.context.SpringBootTestContextBootstrapper=true}', contextCustomizers = set[org.springframework.boot.test.autoconfigure.actuate.metrics.MetricsExportContextCustomizerFactory$DisableMetricExportContextCustomizer@292e3617, org.springframework.boot.test.autoconfigure.properties.PropertyMappingContextCustomizer@0, org.springframework.boot.test.autoconfigure.web.servlet.WebDriverContextCustomizerFactory$Customizer@73cbccff, org.springframework.boot.test.context.filter.ExcludeFilterContextCustomizer@67d0d1cc, org.springframework.boot.test.json.DuplicateJsonObjectContextCustomizerFactory$DuplicateJsonObjectContextCustomizer@1dbce0fc, org.springframework.boot.test.mock.mockito.MockitoContextCustomizer@0, org.springframework.boot.test.web.client.TestRestTemplateContextCustomizer@658b1493, org.springframework.boot.test.context.SpringBootTestArgs@1, org.springframework.boot.test.context.SpringBootTestWebEnvironment@64f46671], contextLoader = 'org.springframework.boot.test.context.SpringBootContextLoader', parent = [null]], attributes = map['org.springframework.test.context.event.ApplicationEventsTestExecutionListener.recordApplicationEvents' -> false]]].

  .   ____          _            __ _ _
 /\\ / ___'_ __ _ _(_)_ __  __ _ \ \ \ \
( ( )\___ | '_ | '_| | '_ \/ _` | \ \ \ \
 \\/  ___)| |_)| | | | | || (_| |  ) ) ) )
  '  |____| .__|_| |_|_| |_\__, | / / / /
 =========|_|==============|___/=/_/_/_/
 :: Spring Boot ::                (v2.7.2)

2022-07-24 21:46:53.390  INFO 17364 --- [    Test worker] com.iress.toy.robot.RobotCommandTest     : Starting RobotCommandTest using Java 1.8.0_333 on ENCAPJMNLLT493 with PID 17364 (started by Stefan.Lavilla in C:\SBL\CWT\GIT Repos\iress\toy-robot-v2)
2022-07-24 21:46:53.391  INFO 17364 --- [    Test worker] com.iress.toy.robot.RobotCommandTest     : No active profile set, falling back to 1 default profile: "default"
2022-07-24 21:46:54.085  WARN 17364 --- [    Test worker] org.jline                                : Unable to create a system terminal, creating a dumb terminal (enable debug logging for more information)
2022-07-24 21:46:54.169  INFO 17364 --- [    Test worker] com.iress.toy.robot.RobotCommandTest     : Started RobotCommandTest in 1.014 seconds (JVM running for 2.279)
]]></system-out>
  <system-err><![CDATA[]]></system-err>
</testsuite>
